Result: Parcel(00000000 00000001   '........')
dinfo 1920x1080
egl version 1.4
egl w 1920 h 1080
gl version OpenGL ES 3.2 V@145.0 (GIT@I0ac3940325)
installed apks {'com.android.frameworks.telresources': '/system/app/telresources/telresources.apk', 'com.qti.service.colorservice': '/system/vendor/app/colorservice/colorservice.apk', 'com.android.inputmethod.latin': '/system/app/LatinIME/LatinIME.apk', 'com.android.sharedstoragebackup': '/system/priv-app/SharedStorageBackup/SharedStorageBackup.apk', 'com.qualcomm.qti.ims': '/system/vendor/app/imssettings/imssettings.apk', 'org.codeaurora.ims': '/system/priv-app/ims/ims.apk', 'com.android.externalstorage': '/system/priv-app/ExternalStorageProvider/ExternalStorageProvider.apk', 'com.android.providers.telephony': '/system/priv-app/TelephonyProvider/TelephonyProvider.apk', 'com.qualcomm.qti.telephonyservice': '/system/app/QtiTelephonyService/QtiTelephonyService.apk', 'com.android.pacprocessor': '/system/app/PacProcessor/PacProcessor.apk', 'com.qualcomm.embms': '/system/app/embms/embms.apk', 'com.android.smspush': '/system/app/WAPPushManager/WAPPushManager.apk', 'org.cyanogenmod.cmsettings': '/system/priv-app/CMSettingsProvider/CMSettingsProvider.apk', 'com.android.keychain': '/system/app/KeyChain/KeyChain.apk', 'com.android.captiveportallogin': '/system/app/CaptivePortalLogin/CaptivePortalLogin.apk', 'com.android.documentsui': '/system/app/DocumentsUI/DocumentsUI.apk', 'com.android.phone': '/system/priv-app/TeleService/TeleService.apk', 'android': '/system/framework/framework-res.apk', 'com.android.webview': '/system/app/webview/webview.apk', 'com.qualcomm.shutdownlistner': '/system/app/shutdownlistener/shutdownlistener.apk', 'com.qualcomm.timeservice': '/system/app/TimeService/TimeService.apk', 'com.android.inputdevices': '/system/priv-app/InputDevices/InputDevices.apk', 'com.android.bluetoothmidiservice': '/system/app/BluetoothMidiService/BluetoothMidiService.apk', 'com.android.development': '/system/app/Development/Development.apk', 'com.android.systemui': '/system/priv-app/SystemUI/SystemUI.apk', 'com.qualcomm.qcrilmsgtunnel': '/system/priv-app/qcrilmsgtunnel/qcrilmsgtunnel.apk', 'com.qualcomm.fastdormancy': '/system/app/fastdormancy/fastdormancy.apk', 'org.codeaurora.bluetooth': '/system/app/BluetoothExt/BluetoothExt.apk', 'ai.comma.plus.black': '/data/app/ai.comma.plus.black-1/base.apk', 'com.android.location.fused': '/system/priv-app/FusedLocation/FusedLocation.apk', 'com.android.statementservice': '/system/priv-app/StatementService/StatementService.apk', 'com.android.vpndialogs': '/system/priv-app/VpnDialogs/VpnDialogs.apk', 'com.qti.qualcomm.datastatusnotification': '/system/app/datastatusnotification/datastatusnotification.apk', 'com.android.backupconfirm': '/system/priv-app/BackupRestoreConfirmation/BackupRestoreConfirmation.apk', 'ai.comma.plus.frame': '/data/app/ai.comma.plus.frame-1/base.apk', 'cyanogenmod.platform': '/system/framework/org.cyanogenmod.platform-res.apk', 'com.android.settings': '/system/priv-app/Settings/Settings.apk', 'com.android.defcontainer': '/system/priv-app/DefaultContainerService/DefaultContainerService.apk', 'com.android.shell': '/system/priv-app/Shell/Shell.apk', 'com.android.proxyhandler': '/system/priv-app/ProxyHandler/ProxyHandler.apk', 'ai.comma.neos.setup': '/system/priv-app/NEOSSetup/NEOSSetup.apk', 'com.android.printspooler': '/system/app/PrintSpooler/PrintSpooler.apk', 'com.android.providers.settings': '/system/priv-app/SettingsProvider/SettingsProvider.apk', 'ai.comma.plus.offroad': '/data/app/ai.comma.plus.offroad-1/base.apk', 'com.android.packageinstaller': '/system/priv-app/PackageInstaller/PackageInstaller.apk', 'com.android.bluetooth': '/system/app/Bluetooth/Bluetooth.apk'}
comparing version of ai.comma.plus.black  3e77042a72eadf465ec3c577ebe3cb9cef4e48bb vs 3e77042a72eadf465ec3c577ebe3cb9cef4e48bb
comparing version of ai.comma.plus.frame  34a991beafa59ba275592204a88f4125ed9c252b vs 34a991beafa59ba275592204a88f4125ed9c252b
comparing version of ai.comma.plus.offroad  f696560ec48b921caf04aacfe7756e69a9e8db4d vs f696560ec48b921caf04aacfe7756e69a9e8db4d
getting pilotauth
dongle id is bc1097b59a0cce93
dirty is 1
make: Nothing to be done for 'all'.
preimporting selfdrive.controls.plannerd
make: 'simple_kalman_impl.so' is up to date.
make: Nothing to be done for 'all'.
make: Nothing to be done for 'all'.
building ('selfdrive/locationd', ['./ubloxd'])
make: Nothing to be done for 'all'.
building ('selfdrive/logcatd', ['./logcatd'])
make: Nothing to be done for 'all'.
building ('selfdrive/proclogd', ['./proclogd'])
make: Nothing to be done for 'all'.
preimporting selfdrive.pandad
building ('selfdrive/visiond', ['./visiond'])
make: Nothing to be done for 'all'.
preimporting selfdrive.locationd.calibrationd
building ('selfdrive/sensord', ['./start_sensord.py'])
make: Nothing to be done for 'all'.
building ('selfdrive/locationd', ['./paramsd'])
make: Nothing to be done for 'all'.
building ('selfdrive/boardd', ['./boardd'])
make: Nothing to be done for 'all'.
preimporting selfdrive.thermald
building ('selfdrive/ui', ['./start.py'])
make: Nothing to be done for 'all'.
preimporting selfdrive.controls.radard
make: Nothing to be done for 'all'.
preimporting selfdrive.logmessaged
building ('selfdrive/loggerd', ['./loggerd'])
make: Nothing to be done for 'all'.
preimporting selfdrive.tombstoned
building ('selfdrive/sensord', ['./start_gpsd.py'])
make: Nothing to be done for 'all'.
preimporting selfdrive.loggerd.deleter
preimporting selfdrive.controls.controlsd
make: 'boardd_api_impl.so' is up to date.
mkdir -p obj
mkdir -p obj
make: 'packer_impl.so' is up to date.
manager start
{'environ': {'EXTERNAL_STORAGE': '/sdcard', 'PREFIX': '/usr', 'LOGNAME': 'root', 'USER': 'root', 'PATH': '/usr/local/bin:/data/data/com.termux/files/usr/bin:/data/data/com.termux/files/usr/sbin:/data/data/com.termux/files/usr/bin/applets:/bin:/sbin:/vendor/bin:/system/sbin:/system/bin:/system/xbin', 'HOME': '/data/data/com.termux/files/home', 'PS1': '\\u@\\h:\\[\\e[36m\\]\\w\\[\\e[0m\\]$ ', 'LD_LIBRARY_PATH': '/data/data/com.termux/files/usr/lib', 'GIT_SSH_COMMAND': 'ssh -i /data/gitkey', 'LANG': 'en_US.UTF-8', 'TERM': 'xterm-256color', 'SHELL': '/system/comma/usr/bin/bash', 'SHLVL': '2', 'DONGLE_ID': 'bc1097b59a0cce93', 'EDITOR': 'vim', 'PYTHONPATH': '/data/pythonpath', 'BASEDIR': '/data/openpilot', 'ANDROID_DATA': '/data', 'TMUX': '/data/data/com.termux/files/tmp/tmux-0/default,13684,1', 'PLAT': 'linux-aarch64', 'VALGRIND_LIB': '/usr/lib/valgrind', '_': '/data/data/com.termux/files/usr/bin/python', 'SSH_TTY': '/dev/pts/2', 'OLDPWD': '/data/openpilot/selfdrive/boardd', 'ANDROID_ROOT': '/system', 'SSH_CLIENT': '192.168.43.60 55922 8022', 'PWD': '/data/openpilot/selfdrive', 'SSH_CONNECTION': '192.168.43.60 55936 192.168.43.62 8022', 'TMUX_PANE': '%1'}}
loggerd.cc: bootlog to /data/media/0/realdata/2020-02-29--12-25-03--0
starting python selfdrive.thermald
starting python selfdrive.logmessaged
starting process logcatd
sh: can't create /sys/module/dwc3_msm/parameters/otg_switch: Permission denied
starting python selfdrive.tombstoned
starting process ui
LEON detected
running pm enable ai.comma.plus.offroad
make: Nothing to be done for 'all'.
WARNING: linker: ui: unused DT entry: type 0x1d arg 0x2265
running pm enable ai.comma.plus.frame
dinfo 1920x1080
egl version 1.4
egl w 1920 h 1080
gl version OpenGL ES 3.2 V@145.0 (GIT@I0ac3940325)
ui.c: awake normal
Result: Parcel(00000000    '....')
dinfo 1920x1080
egl version 1.4
egl w 1920 h 1080
gl version OpenGL ES 3.2 V@145.0 (GIT@I0ac3940325)
running LD_LIBRARY_PATH= appops set ai.comma.plus.offroad SU allow
Result: Parcel(00000000    '....')
( logMonoTime = 5282462683088,
  thermal = (
    cpu0 = 458,
    cpu1 = 458,
    cpu2 = 525,
    cpu3 = 490,
    mem = 464,
    gpu = 420,
    bat = 33700,
    freeSpace = 0.94830328,
    batteryPercent = 100,
    batteryStatus = "Charging",
    fanSpeed = 16384,
    started = false,
    usbOnline = true,
    startedTs = 0,
    thermalStatus = green,
    batteryCurrent = -125426,
    batteryVoltage = 4353001,
    chargingError = false,
    chargingDisabled = false ),
  valid = true )
{"event": "STATUS_PACKET", "count": 0, "thermal": {"thermal": {"batteryStatus": "Charging", "freeSpace": 0.9483032822608948, "bat": 33700, "usbOnline": true, "batteryCurrent": -125426, "startedTs": 0, "mem": 464, "chargingError": false, "cpu2": 525, "cpu3": 490, "cpu0": 458, "cpu1": 458, "fanSpeed": 16384, "batteryVoltage": 4353001, "chargingDisabled": false, "started": false, "batteryPercent": 100, "gpu": 420, "thermalStatus": "green"}, "valid": true, "logMonoTime": 5282462683088}, "health": null, "location": null, "ctx": {"version": "0.6.4-release", "dongle_id": "bc1097b59a0cce93", "dirty": true, "is_eon": true}}
running am start -n ai.comma.plus.frame/.MainActivity
starting python selfdrive.pandad
   running logcatd <Process(logcatd, started)>
   running pandad <Process(pandad, started)>
   running thermald <Process(thermald, started)>
   running ui <Process(ui, started)>
   running logmessaged <Process(logmessaged, started)>
   running tombstoned <Process(tombstoned, started)>
Connecting to panda
Panda found, connecting
opening device 46004e000351373036333138 0xddcc
( logMonoTime = 5283484621837,
  thermal = (
    cpu0 = 448,
    cpu1 = 445,
    cpu2 = 467,
    cpu3 = 454,
    mem = 441,
    gpu = 414,
    bat = 33700,
    freeSpace = 0.94830316,
    batteryPercent = 100,
    batteryStatus = "Charging",
    fanSpeed = 16384,
    started = false,
    usbOnline = true,
    startedTs = 0,
    thermalStatus = green,
    batteryCurrent = -125579,
    batteryVoltage = 4353001,
    chargingError = false,
    chargingDisabled = false ),
  valid = true )
   running logcatd <Process(logcatd, started)>
   running pandad <Process(pandad, started)>
   running thermald <Process(thermald, started)>
   running ui <Process(ui, started)>
   running logmessaged <Process(logmessaged, started)>
   running tombstoned <Process(tombstoned, started)>
connected
Panda connected, version: v1.4.7-EON-unknown-RELEASE, expected v1.4.7-EON
boardd.cc: starting boardd
boardd.cc: panda with gps detected
boardd.cc: connected to board
( logMonoTime = 5284492921108,
  thermal = (
    cpu0 = 454,
    cpu1 = 483,
    cpu2 = 499,
    cpu3 = 461,
    mem = 448,
    gpu = 414,
    bat = 33700,
    freeSpace = 0.94830322,
    batteryPercent = 100,
    batteryStatus = "Charging",
    fanSpeed = 16384,
    started = false,
    usbOnline = true,
    startedTs = 0,
    thermalStatus = green,
    batteryCurrent = -125579,
    batteryVoltage = 4353001,
    chargingError = false,
    chargingDisabled = false ),
  valid = true )
   running logcatd <Process(logcatd, started)>
   running pandad <Process(pandad, started)>
   running thermald <Process(thermald, started)>
   running ui <Process(ui, started)>
   running logmessaged <Process(logmessaged, started)>
   running tombstoned <Process(tombstoned, started)>
( logMonoTime = 5284895512201,
  thermal = (
    cpu0 = 493,
    cpu1 = 464,
    cpu2 = 483,
    cpu3 = 474,
    mem = 458,
    gpu = 417,
    bat = 33700,
    freeSpace = 0.94830322,
    batteryPercent = 100,
    batteryStatus = "Charging",
    fanSpeed = 16384,
    started = false,
    usbOnline = true,
    startedTs = 0,
    thermalStatus = green,
    batteryCurrent = -125579,
    batteryVoltage = 4353001,
    chargingError = false,
    chargingDisabled = false ),
  valid = true )
   running logcatd <Process(logcatd, started)>
   running pandad <Process(pandad, started)>
   running thermald <Process(thermald, started)>
   running ui <Process(ui, started)>
   running logmessaged <Process(logmessaged, started)>
   running tombstoned <Process(tombstoned, started)>
boardd.cc: panda GPS start
( logMonoTime = 5285396584962,
  thermal = (
   running logcatd <Process(logcatd, started)>
   running pandad <Process(pandad, started)>
   running thermald <Process(thermald, started)>
   running ui <Process(ui, started)>
   running logmessaged <Process(logmessaged, started)>
   running tombstoned <Process(tombstoned, started)>
    cpu0 = 470,
    cpu1 = 499,
    cpu2 = 461,
    cpu3 = 496,
    mem = 454,
    gpu = 420,
    bat = 33700,
    freeSpace = 0.94830322,
    batteryPercent = 100,
    batteryStatus = "Charging",
    fanSpeed = 16384,
    started = false,
    usbOnline = true,
    startedTs = 0,
    thermalStatus = green,
    batteryCurrent = -125884,
    batteryVoltage = 4353001,
    chargingError = false,
    chargingDisabled = false ),
  valid = true )
( logMonoTime = 5285899549024,
  thermal = (
    cpu0 = 474,
    cpu1 = 493,
    cpu2 = 483,
    cpu3 = 516,
    mem = 458,
    gpu = 420,
    bat = 33700,
    freeSpace = 0.94830316,
    batteryPercent = 100,
    batteryStatus = "Charging",
    fanSpeed = 16384,
    started = false,
    usbOnline = true,
    startedTs = 0,
    thermalStatus = green,
    batteryCurrent = -125884,
    batteryVoltage = 4353001,
    chargingError = false,
    chargingDisabled = false ),
  valid = true )
   running logcatd <Process(logcatd, started)>
   running pandad <Process(pandad, started)>
   running thermald <Process(thermald, started)>
   running ui <Process(ui, started)>
   running logmessaged <Process(logmessaged, started)>
   running tombstoned <Process(tombstoned, started)>
boardd.cc: panda GPS on
( logMonoTime = 5286397995899,
  thermal = (
    cpu0 = 461,
    cpu1 = 477,
    cpu2 = 438,
    cpu3 = 451,
    mem = 445,
    gpu = 420,
    bat = 33700,
    freeSpace = 0.9483031,
    batteryPercent = 100,
    batteryStatus = "Charging",
    fanSpeed = 16384,
    started = false,
    usbOnline = true,
    startedTs = 0,
    thermalStatus = green,
    batteryCurrent = -125884,
    batteryVoltage = 4353001,
    chargingError = false,
    chargingDisabled = false ),
  valid = true )
   running logcatd <Process(logcatd, started)>
   running pandad <Process(pandad, started)>
   running thermald <Process(thermald, started)>
   running ui <Process(ui, started)>
   running logmessaged <Process(logmessaged, started)>
   running tombstoned <Process(tombstoned, started)>
( logMonoTime = 5286898824961,
  thermal = (
    cpu0 = 461,
    cpu1 = 490,
    cpu2 = 438,
    cpu3 = 448,
    mem = 441,
    gpu = 420,
    bat = 33700,
    freeSpace = 0.948303,
    batteryPercent = 100,
    batteryStatus = "Charging",
    fanSpeed = 16384,
    started = false,
    usbOnline = true,
    startedTs = 0,
    thermalStatus = green,
    batteryCurrent = -125426,
    batteryVoltage = 4352696,
    chargingError = false,
    chargingDisabled = false ),
  valid = true )
   running logcatd <Process(logcatd, started)>
   running pandad <Process(pandad, started)>
   running thermald <Process(thermald, started)>
   running ui <Process(ui, started)>
   running logmessaged <Process(logmessaged, started)>
   running tombstoned <Process(tombstoned, started)>
Result: Parcel(00000000    '....')
( logMonoTime = 5287399701940,
  thermal = (
    cpu0 = 477,
    cpu1 = 464,
    cpu2 = 445,
    cpu3 = 451,
    mem = 445,
    gpu = 417,
    bat = 34200,
    freeSpace = 0.948303,
    batteryPercent = 100,
    batteryStatus = "Charging",
    fanSpeed = 16384,
    started = false,
    usbOnline = true,
    startedTs = 0,
    thermalStatus = green,
    batteryCurrent = -125426,
    batteryVoltage = 4352696,
    chargingError = false,
    chargingDisabled = false ),
  valid = true )
   running logcatd <Process(logcatd, started)>
   running pandad <Process(pandad, started)>
   running thermald <Process(thermald, started)>
   running ui <Process(ui, started)>
   running logmessaged <Process(logmessaged, started)>
   running tombstoned <Process(tombstoned, started)>
( logMonoTime = 5287900153763,
  thermal = (
    cpu0 = 483,
    cpu1 = 461,
    cpu2 = 448,
    cpu3 = 458,
    mem = 445,
    gpu = 417,
    bat = 34200,
    freeSpace = 0.948303,
    batteryPercent = 100,
    batteryStatus = "Charging",
    fanSpeed = 16384,
    started = false,
    usbOnline = true,
    startedTs = 0,
   running logcatd <Process(logcatd, started)>
   running pandad <Process(pandad, started)>
   running thermald <Process(thermald, started)>
   running ui <Process(ui, started)>
   running logmessaged <Process(logmessaged, started)>
   running tombstoned <Process(tombstoned, started)>
    thermalStatus = green,
    batteryCurrent = -125426,
    batteryVoltage = 4352696,
    chargingError = false,
    chargingDisabled = false ),
  valid = true )
( logMonoTime = 5288400980637,
  thermal = (
    cpu0 = 448,
    cpu1 = 454,
    cpu2 = 470,
    cpu3 = 474,
    mem = 448,
    gpu = 420,
    bat = 34200,
    freeSpace = 0.94830292,
    batteryPercent = 100,
    batteryStatus = "Charging",
    fanSpeed = 16384,
    started = false,
    usbOnline = true,
    startedTs = 0,
    thermalStatus = green,
    batteryCurrent = -125426,
    batteryVoltage = 4352696,
    chargingError = false,
    chargingDisabled = false ),
  valid = true )
   running logcatd <Process(logcatd, started)>
   running pandad <Process(pandad, started)>
   running thermald <Process(thermald, started)>
   running ui <Process(ui, started)>
   running logmessaged <Process(logmessaged, started)>
   running tombstoned <Process(tombstoned, started)>
( logMonoTime = 5288901784179,
  thermal = (
    cpu0 = 448,
    cpu1 = 441,
    cpu2 = 438,
    cpu3 = 441,
    mem = 441,
    gpu = 420,
    bat = 34200,
    freeSpace = 0.94830292,
    batteryPercent = 100,
    batteryStatus = "Charging",
    fanSpeed = 16384,
    started = true,
    usbOnline = true,
    startedTs = 5288904138762,
    thermalStatus = green,
    batteryCurrent = -125426,
    batteryVoltage = 4353001,
    chargingError = false,
    chargingDisabled = false ),
  valid = true )
starting python selfdrive.controls.controlsd
starting python selfdrive.controls.plannerd
starting process loggerd
starting process sensord
starting python selfdrive.controls.radard
pid 15671's current scheduling policy: SCHED_OTHER
pid 15671's current scheduling priority: 0
pid 15671's new scheduling policy: SCHED_FIFO
pid 15671's new scheduling priority: 3
starting python selfdrive.locationd.calibrationd
pid 15672's current scheduling policy: SCHED_OTHER
pid 15672's current scheduling priority: 0
pid 15672's new scheduling policy: SCHED_FIFO
pid 15672's new scheduling priority: 2
plannerd is waiting for CarParams
starting process paramsd
starting process visiond
starting process proclogd
pid 15679's current scheduling policy: SCHED_OTHER
pid 15679's current scheduling priority: 0
pid 15679's new scheduling policy: SCHED_FIFO
pid 15679's new scheduling priority: 2
radard is waiting for CarParams
starting process ubloxd
starting process gpsd
starting python selfdrive.loggerd.deleter
   running plannerd <Process(plannerd, started)>
   running ubloxd <Process(ubloxd, started)>
   running logcatd <Process(logcatd, started)>
   running proclogd <Process(proclogd, started)>
   running pandad <Process(pandad, started)>
   running visiond <Process(visiond, started)>
   running calibrationd <Process(calibrationd, started)>
   running sensord <Process(sensord, started)>
   running thermald <Process(thermald, started)>
   running ui <Process(ui, started)>
   running paramsd <Process(paramsd, started)>
   running logmessaged <Process(logmessaged, started)>
   running loggerd <Process(loggerd, started)>
   running tombstoned <Process(tombstoned, started)>
   running deleter <Process(deleter, started)>
   running gpsd <Process(gpsd, started)>
   running radard <Process(radard, started)>
   running controlsd <Process(controlsd, started)>
paramsd.cc: waiting for params to set vehicle model
ubloxd_main.cc: starting ubloxd
vendor: 'QUALCOMM'
platform version: 'OpenCL 2.0 QUALCOMM build: commit #6ff34ae changeid #I0ac3940325 Date: 09/23/16 Fri Local Branch:  Remote Branch: refs/tags/AU_LINUX_ANDROID_LA.HB.1.3.2.06.00.01.214.261'
profile: 'FULL_PROFILE'
extensions: ' '
name: 'QUALCOMM Adreno(TM)'
device version: 'OpenCL 2.0 Adreno(TM) 530'
max work group size: 1024
type = 0x0004 = CL_DEVICE_TYPE_GPU

loggerd.cc: logging to /data/media/0/realdata/2020-02-29--12-25-11--0
loaded model with size: 14488834
make: Nothing to be done for 'all'.
Waiting for CAN messages...
VIN 00000000000000000
   running plannerd <Process(plannerd, started)>
   running ubloxd <Process(ubloxd, started)>
   running logcatd <Process(logcatd, started)>
   running proclogd <Process(proclogd, started)>
   running pandad <Process(pandad, started)>
   running visiond <Process(visiond, started)>
   running calibrationd <Process(calibrationd, started)>
   running sensord <Process(sensord, started)>
   running thermald <Process(thermald, started)>
   running ui <Process(ui, started)>
   running paramsd <Process(paramsd, started)>
   running logmessaged <Process(logmessaged, started)>
   running loggerd <Process(loggerd, started)>
   running tombstoned <Process(tombstoned, started)>
   running deleter <Process(deleter, started)>
   running gpsd <Process(gpsd, started)>
   running radard <Process(radard, started)>
   running controlsd <Process(controlsd, started)>
( logMonoTime = 5289401719231,
  thermal = (
    cpu0 = 499,
    cpu1 = 487,
    cpu2 = 512,
    cpu3 = 538,
    mem = 474,
    gpu = 424,
    bat = 34200,
    freeSpace = 0.94830281,
    batteryPercent = 100,
    batteryStatus = "Charging",
    fanSpeed = 16384,
    started = true,
    usbOnline = true,
    startedTs = 5288904138762,
    thermalStatus = green,
    batteryCurrent = -125426,
    batteryVoltage = 4353001,
    chargingError = false,
    chargingDisabled = false ),
  valid = true )
make: Nothing to be done for 'all'.
diag diag_get_max_file_size size=200,max_file_size=209715200,min_file_size=167772160
diag diag_get_max_file_size size=200,max_file_size=209715200,min_file_size=167772160
boardd.cc: got CarVin 00000000000000000
boardd.cc: waiting for params to set safety model
( logMonoTime = 5289902241314,
  thermal = (
    cpu0 = 480,
    cpu1 = 477,
    cpu2 = 483,
    cpu3 = 528,
    mem = 470,
    gpu = 427,
    bat = 34200,
    freeSpace = 0.94830275,
    batteryPercent = 100,
    batteryStatus = "Charging",
    fanSpeed = 16384,
    started = true,
    usbOnline = true,
    startedTs = 5288904138762,
    thermalStatus = green,
    batteryCurrent = 44250,
    batteryVoltage = 4334538,
    chargingError = false,
    chargingDisabled = false ),
  valid = true )
   running plannerd <Process(plannerd, started)>
   running ubloxd <Process(ubloxd, started)>
   running logcatd <Process(logcatd, started)>
   running proclogd <Process(proclogd, started)>
   running pandad <Process(pandad, started)>
   running visiond <Process(visiond, started)>
   running calibrationd <Process(calibrationd, started)>
   running sensord <Process(sensord, started)>
   running thermald <Process(thermald, started)>
   running ui <Process(ui, started)>
   running paramsd <Process(paramsd, started)>
   running logmessaged <Process(logmessaged, started)>
   running loggerd <Process(loggerd, started)>
   running tombstoned <Process(tombstoned, started)>
   running deleter <Process(deleter, started)>
   running gpsd <Process(gpsd, started)>
   running radard <Process(radard, started)>
   running controlsd <Process(controlsd, started)>
( logMonoTime = 5290402766210,
  thermal = (
    cpu0 = 470,
    cpu1 = 467,
    cpu2 = 474,
    cpu3 = 519,
    mem = 470,
    gpu = 427,
    bat = 34200,
    freeSpace = 0.94830275,
    batteryPercent = 100,
    batteryStatus = "Charging",
    fanSpeed = 16384,
    started = true,
    usbOnline = true,
    startedTs = 5288904138762,
    thermalStatus = green,
    batteryCurrent = 44250,
    batteryVoltage = 4334538,
    chargingError = false,
    chargingDisabled = false ),
  valid = true )
   running plannerd <Process(plannerd, started)>
   running ubloxd <Process(ubloxd, started)>
   running logcatd <Process(logcatd, started)>
   running proclogd <Process(proclogd, started)>
   running pandad <Process(pandad, started)>
   running visiond <Process(visiond, started)>
   running calibrationd <Process(calibrationd, started)>
   running sensord <Process(sensord, started)>
   running thermald <Process(thermald, started)>
   running ui <Process(ui, started)>
   running paramsd <Process(paramsd, started)>
   running logmessaged <Process(logmessaged, started)>
   running loggerd <Process(loggerd, started)>
   running tombstoned <Process(tombstoned, started)>
   running deleter <Process(deleter, started)>
   running gpsd <Process(gpsd, started)>
   running radard <Process(radard, started)>
   running controlsd <Process(controlsd, started)>
( logMonoTime = 5290903350376,
  thermal = (
    cpu0 = 467,
    cpu1 = 477,
    cpu2 = 535,
    cpu3 = 483,
    mem = 470,
    gpu = 427,
    bat = 34200,
    freeSpace = 0.94830263,
    batteryPercent = 100,
    batteryStatus = "Charging",
    fanSpeed = 16384,
    started = true,
    usbOnline = true,
    startedTs = 5288904138762,
    thermalStatus = green,
    batteryCurrent = 44250,
    batteryVoltage = 4334538,
    chargingError = false,
    chargingDisabled = false ),
  valid = true )
   running plannerd <Process(plannerd, started)>
   running ubloxd <Process(ubloxd, started)>
   running logcatd <Process(logcatd, started)>
   running proclogd <Process(proclogd, started)>
   running pandad <Process(pandad, started)>
   running visiond <Process(visiond, started)>
   running calibrationd <Process(calibrationd, started)>
   running sensord <Process(sensord, started)>
   running thermald <Process(thermald, started)>
   running ui <Process(ui, started)>
   running paramsd <Process(paramsd, started)>
   running logmessaged <Process(logmessaged, started)>
   running loggerd <Process(loggerd, started)>
   running tombstoned <Process(tombstoned, started)>
   running deleter <Process(deleter, started)>
   running gpsd <Process(gpsd, started)>
   running radard <Process(radard, started)>
   running controlsd <Process(controlsd, started)>
fingerprinted None
car doesn't match any fingerprints: {0: {896L: 8, 898L: 8, 900L: 6, 1541L: 8, 902L: 6, 905L: 8, 810L: 2, 1164L: 8, 1165L: 8, 1166L: 8, 1167L: 8, 1552L: 8, 1553L: 8, 1556L: 8, 1557L: 8, 934L: 8, 921L: 8, 1056L: 8, 800L: 8, 1057L: 8, 1570L: 8, 1571L: 8, 1572L: 8, 37L: 8, 550L: 8, 295L: 8, 552L: 4, 426L: 6, 812L: 8, 1071L: 8, 560L: 7, 945L: 8, 562L: 6, 180L: 8, 1077L: 8, 950L: 8, 951L: 8, 824L: 8, 1076L: 8, 1745L: 8, 955L: 8, 956L: 8, 829L: 2, 296L: 8, 1568L: 8, 944L: 8, 452L: 8, 581L: 5, 865L: 8, 713L: 8, 971L: 7, 467L: 8, 975L: 5, 1592L: 8, 466L: 8, 1059L: 1, 953L: 8, 728L: 8, 36L: 8, 1114L: 8, 1788L: 8, 933L: 8, 608L: 8, 993L: 8, 610L: 8, 1595L: 8, 166L: 8, 998L: 5, 999L: 7, 1000L: 8, 764L: 8, 1002L: 8, 935L: 8, 1789L: 8, 1649L: 8, 1779L: 8, 1001L: 8, 761L: 8, 1017L: 8, 1786L: 8, 1787L: 8, 1020L: 8, 170L: 8, 1279L: 8}, 1: {384L: 8, 385L: 8, 386L: 8, 387L: 8, 388L: 8, 389L: 8, 390L: 8, 391L: 8, 392L: 8, 393L: 8, 394L: 8, 395L: 8, 396L: 8, 397L: 8, 398L: 8, 399L: 8, 400L: 8, 401L: 8, 402L: 8, 403L: 8, 404L: 8, 405L: 8, 406L: 8, 407L: 8, 408L: 8, 409L: 8, 410L: 8, 411L: 8, 412L: 8, 413L: 8, 414L: 8, 415L: 8, 416L: 7, 417L: 8, 418L: 8, 291L: 7, 436L: 8, 437L: 8, 438L: 8, 439L: 8, 440L: 8, 441L: 8, 442L: 8, 443L: 8, 976L: 8, 977L: 8, 978L: 8, 419L: 8, 1104L: 8, 979L: 8}, 2: {}, 3: {}}
Using Mock Car Interface
{"event": "alert_add", "alert_type": "startupNoCar", "enabled": false, "ctx": {"version": "0.6.4-release", "dongle_id": "bc1097b59a0cce93", "dirty": true, "is_eon": true}}
paramsd.cc: got 336 bytes CarParams
paramsd.cc: Parameter starting with: {"angleOffsetAverage": 0, "carFingerprint": "mock", "carVin": "", "steerRatio": 13, "stiffnessFactor": 1}
plannerd got CarParams: mock
radard got CarParams
radard is importing mock
boardd.cc: got 336 bytes CarParams
boardd.cc: setting safety model: 0 with param 0
( logMonoTime = 5291404432303,
  thermal = (
    cpu0 = 477,
    cpu1 = 477,
    cpu2 = 519,
    cpu3 = 516,
    mem = 474,
    gpu = 433,
    bat = 34200,
    freeSpace = 0.94830257,
    batteryPercent = 100,
    batteryStatus = "Charging",
    fanSpeed = 16384,
    started = true,
    usbOnline = true,
    startedTs = 5288904138762,
    thermalStatus = green,
    batteryCurrent = 44250,
    batteryVoltage = 4334538,
    chargingError = false,
    chargingDisabled = false ),
  valid = true )
   running plannerd <Process(plannerd, started)>
   running ubloxd <Process(ubloxd, started)>
   running logcatd <Process(logcatd, started)>
   running proclogd <Process(proclogd, started)>
   running pandad <Process(pandad, started)>
   running visiond <Process(visiond, started)>
   running calibrationd <Process(calibrationd, started)>
   running sensord <Process(sensord, started)>
   running thermald <Process(thermald, started)>
   running ui <Process(ui, started)>
   running paramsd <Process(paramsd, started)>
   running logmessaged <Process(logmessaged, started)>
   running loggerd <Process(loggerd, started)>
   running tombstoned <Process(tombstoned, started)>
   running deleter <Process(deleter, started)>
   running gpsd <Process(gpsd, started)>
   running radard <Process(radard, started)>
   running controlsd <Process(controlsd, started)>
Result: Parcel(00000000    '....')
( logMonoTime = 5291904403709,
  thermal = (
    cpu0 = 477,
    cpu1 = 474,
    cpu2 = 528,
    cpu3 = 519,
    mem = 477,
    gpu = 430,
    bat = 34200,
    freeSpace = 0.94830251,
    batteryPercent = 100,
    batteryStatus = "Charging",
    fanSpeed = 16384,
    started = true,
    usbOnline = true,
    startedTs = 5288904138762,
    thermalStatus = green,
    batteryCurrent = -128173,
    batteryVoltage = 4353001,
    chargingError = false,
    chargingDisabled = false ),
  valid = true )
   running plannerd <Process(plannerd, started)>
   running ubloxd <Process(ubloxd, started)>
   running logcatd <Process(logcatd, started)>
   running proclogd <Process(proclogd, started)>
   running pandad <Process(pandad, started)>
   running visiond <Process(visiond, started)>
   running calibrationd <Process(calibrationd, started)>
   running sensord <Process(sensord, started)>
   running thermald <Process(thermald, started)>
   running ui <Process(ui, started)>
   running paramsd <Process(paramsd, started)>
   running logmessaged <Process(logmessaged, started)>
   running loggerd <Process(loggerd, started)>
   running tombstoned <Process(tombstoned, started)>
   running deleter <Process(deleter, started)>
   running gpsd <Process(gpsd, started)>
   running radard <Process(radard, started)>
   running controlsd <Process(controlsd, started)>
( logMonoTime = 5292405176626,
  thermal = (
    cpu0 = 483,
    cpu1 = 480,
    cpu2 = 499,
    cpu3 = 503,
    mem = 477,
    gpu = 433,
    bat = 34200,
    freeSpace = 0.94830245,
    batteryPercent = 100,
    batteryStatus = "Charging",
    fanSpeed = 16384,
    started = true,
    usbOnline = true,
    startedTs = 5288904138762,
    thermalStatus = green,
    batteryCurrent = -128173,
    batteryVoltage = 4353001,
    chargingError = false,
    chargingDisabled = false ),
  valid = true )
   running plannerd <Process(plannerd, started)>
   running ubloxd <Process(ubloxd, started)>
   running logcatd <Process(logcatd, started)>
   running proclogd <Process(proclogd, started)>
   running pandad <Process(pandad, started)>
   running visiond <Process(visiond, started)>
   running calibrationd <Process(calibrationd, started)>
   running sensord <Process(sensord, started)>
   running thermald <Process(thermald, started)>
   running ui <Process(ui, started)>
   running paramsd <Process(paramsd, started)>
   running logmessaged <Process(logmessaged, started)>
   running loggerd <Process(loggerd, started)>
   running tombstoned <Process(tombstoned, started)>
   running deleter <Process(deleter, started)>
   running gpsd <Process(gpsd, started)>
   running radard <Process(radard, started)>
   running controlsd <Process(controlsd, started)>
model: vision_lambda/div:0 -> outputs/concat:0
input product is 196608
adding index 2: rnn_state:0
adding index 1: desire:0
loaded model with size: 601957
model: lambda/div:0 -> outputs/concat:0
input product is 76800
loaded model with size: 5303350
model: lambda/div:0 -> dense_2/BiasAdd:0
input product is 212800
( logMonoTime = 5292905828136,
  thermal = (
    cpu0 = 483,
    cpu1 = 483,
    cpu2 = 483,
    cpu3 = 483,
    mem = 474,
    gpu = 437,
    bat = 34200,
    freeSpace = 0.94830245,
    batteryPercent = 100,
    batteryStatus = "Charging",
    fanSpeed = 16384,
    started = true,
    usbOnline = true,
    startedTs = 5288904138762,
    thermalStatus = green,
    batteryCurrent = -127715,
    batteryVoltage = 4353154,
    chargingError = false,
    chargingDisabled = false ),
  valid = true )
   running plannerd <Process(plannerd, started)>
   running ubloxd <Process(ubloxd, started)>
   running logcatd <Process(logcatd, started)>
   running proclogd <Process(proclogd, started)>
   running pandad <Process(pandad, started)>
   running visiond <Process(visiond, started)>
   running calibrationd <Process(calibrationd, started)>
   running sensord <Process(sensord, started)>
   running thermald <Process(thermald, started)>
   running ui <Process(ui, started)>
   running paramsd <Process(paramsd, started)>
   running logmessaged <Process(logmessaged, started)>
   running loggerd <Process(loggerd, started)>
   running tombstoned <Process(tombstoned, started)>
   running deleter <Process(deleter, started)>
   running gpsd <Process(gpsd, started)>
   running radard <Process(radard, started)>
   running controlsd <Process(controlsd, started)>
ui.c: vision_subscribe type:0
ui.c: vision_subscribe type:1
( logMonoTime = 5293406259490,
  thermal = (
    cpu0 = 503,
    cpu1 = 493,
    cpu2 = 496,
    cpu3 = 496,
    mem = 483,
    gpu = 459,
    bat = 34200,
    freeSpace = 0.94829935,
    batteryPercent = 100,
    batteryStatus = "Charging",
    fanSpeed = 16384,
    started = true,
    usbOnline = true,
    startedTs = 5288904138762,
    thermalStatus = green,
    batteryCurrent = -127715,
    batteryVoltage = 4353154,
    chargingError = false,
    chargingDisabled = false ),
  valid = true )
   running plannerd <Process(plannerd, started)>
   running ubloxd <Process(ubloxd, started)>
   running logcatd <Process(logcatd, started)>
   running proclogd <Process(proclogd, started)>
   running pandad <Process(pandad, started)>
   running visiond <Process(visiond, started)>
   running calibrationd <Process(calibrationd, started)>
   running sensord <Process(sensord, started)>
   running thermald <Process(thermald, started)>
   running ui <Process(ui, started)>
   running paramsd <Process(paramsd, started)>
   running logmessaged <Process(logmessaged, started)>
   running loggerd <Process(loggerd, started)>
   running tombstoned <Process(tombstoned, started)>
   running deleter <Process(deleter, started)>
   running gpsd <Process(gpsd, started)>
   running radard <Process(radard, started)>
   running controlsd <Process(controlsd, started)>
( logMonoTime = 5293906805740,
  thermal = (
    cpu0 = 499,
    cpu1 = 496,
    cpu2 = 499,
    cpu3 = 493,
    mem = 483,
    gpu = 472,
    bat = 34200,
    freeSpace = 0.94829583,
    batteryPercent = 100,
    batteryStatus = "Charging",
    fanSpeed = 16384,
    started = true,
    usbOnline = true,
    startedTs = 5288904138762,
    thermalStatus = green,
    batteryCurrent = -127715,
    batteryVoltage = 4353154,
    chargingError = false,
    chargingDisabled = false ),
  valid = true )
   running plannerd <Process(plannerd, started)>
   running ubloxd <Process(ubloxd, started)>
   running logcatd <Process(logcatd, started)>
   running proclogd <Process(proclogd, started)>
   running pandad <Process(pandad, started)>
   running visiond <Process(visiond, started)>
   running calibrationd <Process(calibrationd, started)>
   running sensord <Process(sensord, started)>
   running thermald <Process(thermald, started)>
   running ui <Process(ui, started)>
   running paramsd <Process(paramsd, started)>
   running logmessaged <Process(logmessaged, started)>
   running loggerd <Process(loggerd, started)>
   running tombstoned <Process(tombstoned, started)>
   running deleter <Process(deleter, started)>
   running gpsd <Process(gpsd, started)>
   running radard <Process(radard, started)>
   running controlsd <Process(controlsd, started)>
( logMonoTime = 5294407574125,
  thermal = (
    cpu0 = 506,
    cpu1 = 499,
    cpu2 = 506,
    cpu3 = 506,
    mem = 490,
    gpu = 479,
    bat = 34200,
    freeSpace = 0.94828635,
    batteryPercent = 100,
    batteryStatus = "Charging",
    fanSpeed = 16384,
    started = true,
    usbOnline = true,
    startedTs = 5288904138762,
    thermalStatus = green,
    batteryCurrent = -127715,
    batteryVoltage = 4353154,
    chargingError = false,
    chargingDisabled = false ),
  valid = true )
   running plannerd <Process(plannerd, started)>
   running ubloxd <Process(ubloxd, started)>
   running logcatd <Process(logcatd, started)>
   running proclogd <Process(proclogd, started)>
   running pandad <Process(pandad, started)>
   running visiond <Process(visiond, started)>
   running calibrationd <Process(calibrationd, started)>
   running sensord <Process(sensord, started)>
   running thermald <Process(thermald, started)>
   running ui <Process(ui, started)>
   running paramsd <Process(paramsd, started)>
   running logmessaged <Process(logmessaged, started)>
   running loggerd <Process(loggerd, started)>
   running tombstoned <Process(tombstoned, started)>
   running deleter <Process(deleter, started)>
   running gpsd <Process(gpsd, started)>
   running radard <Process(radard, started)>
   running controlsd <Process(controlsd, started)>
   running plannerd <Process(plannerd, started)>
   running ubloxd <Process(ubloxd, started)>
   running logcatd <Process(logcatd, started)>
   running proclogd <Process(proclogd, started)>
   running pandad <Process(pandad, started)>
   running visiond <Process(visiond, started)>
   running calibrationd <Process(calibrationd, started)>
   running sensord <Process(sensord, started)>
   running thermald <Process(thermald, started)>
   running ui <Process(ui, started)>
   running paramsd <Process(paramsd, started)>
   running logmessaged <Process(logmessaged, started)>
   running loggerd <Process(loggerd, started)>
   running tombstoned <Process(tombstoned, started)>
   running deleter <Process(deleter, started)>
   running gpsd <Process(gpsd, started)>
   running radard <Process(radard, started)>
   running controlsd <Process(controlsd, started)>
( logMonoTime = 5294907923135,
  thermal = (
    cpu0 = 496,
    cpu1 = 493,
    cpu2 = 496,
    cpu3 = 512,
    mem = 490,
    gpu = 492,
    bat = 34200,
    freeSpace = 0.94828117,
    batteryPercent = 100,
    batteryStatus = "Charging",
    fanSpeed = 16384,
    started = true,
    usbOnline = true,
    startedTs = 5288904138762,
    thermalStatus = green,
    batteryCurrent = -123748,
    batteryVoltage = 4352391,
    chargingError = false,
    chargingDisabled = false ),
  valid = true )
( logMonoTime = 5295408609281,
  thermal = (
    cpu0 = 503,
    cpu1 = 509,
    cpu2 = 519,
    cpu3 = 509,
    mem = 496,
    gpu = 492,
    bat = 34200,
    freeSpace = 0.94827604,
    batteryPercent = 100,
    batteryStatus = "Charging",
    fanSpeed = 16384,
    started = true,
    usbOnline = true,
    startedTs = 5288904138762,
    thermalStatus = green,
    batteryCurrent = -123748,
    batteryVoltage = 4352391,
    chargingError = false,
    chargingDisabled = false ),
  valid = true )
   running plannerd <Process(plannerd, started)>
   running ubloxd <Process(ubloxd, started)>
   running logcatd <Process(logcatd, started)>
   running proclogd <Process(proclogd, started)>
   running pandad <Process(pandad, started)>
   running visiond <Process(visiond, started)>
   running calibrationd <Process(calibrationd, started)>
   running sensord <Process(sensord, started)>
   running thermald <Process(thermald, started)>
   running ui <Process(ui, started)>
   running paramsd <Process(paramsd, started)>
   running logmessaged <Process(logmessaged, started)>
   running loggerd <Process(loggerd, started)>
   running tombstoned <Process(tombstoned, started)>
   running deleter <Process(deleter, started)>
   running gpsd <Process(gpsd, started)>
   running radard <Process(radard, started)>
   running controlsd <Process(controlsd, started)>
( logMonoTime = 5295908991520,
  thermal = (
    cpu0 = 512,
    cpu1 = 499,
    cpu2 = 503,
    cpu3 = 519,
    mem = 499,
    gpu = 492,
    bat = 34200,
    freeSpace = 0.94827014,
    batteryPercent = 100,
    batteryStatus = "Charging",
    fanSpeed = 16384,
    started = true,
    usbOnline = true,
    startedTs = 5288904138762,
    thermalStatus = green,
    batteryCurrent = -115660,
    batteryVoltage = 4351476,
    chargingError = false,
    chargingDisabled = false ),
  valid = true )
   running plannerd <Process(plannerd, started)>
   running ubloxd <Process(ubloxd, started)>
   running logcatd <Process(logcatd, started)>
   running proclogd <Process(proclogd, started)>
   running pandad <Process(pandad, started)>
   running visiond <Process(visiond, started)>
   running calibrationd <Process(calibrationd, started)>
   running sensord <Process(sensord, started)>
   running thermald <Process(thermald, started)>
   running ui <Process(ui, started)>
   running paramsd <Process(paramsd, started)>
   running logmessaged <Process(logmessaged, started)>
   running loggerd <Process(loggerd, started)>
   running tombstoned <Process(tombstoned, started)>
   running deleter <Process(deleter, started)>
   running gpsd <Process(gpsd, started)>
   running radard <Process(radard, started)>
   running controlsd <Process(controlsd, started)>
( logMonoTime = 5296411837978,
  thermal = (
    cpu0 = 519,
    cpu1 = 512,
    cpu2 = 538,
    cpu3 = 545,
    mem = 509,
    gpu = 498,
    bat = 34200,
    freeSpace = 0.94826704,
    batteryPercent = 100,
    batteryStatus = "Charging",
    fanSpeed = 16384,
    started = true,
    usbOnline = true,
    startedTs = 5288904138762,
    thermalStatus = green,
    batteryCurrent = -115660,
    batteryVoltage = 4351476,
    chargingError = false,
    chargingDisabled = false ),
  valid = true )
   running plannerd <Process(plannerd, started)>
   running ubloxd <Process(ubloxd, started)>
   running logcatd <Process(logcatd, started)>
   running proclogd <Process(proclogd, started)>
   running pandad <Process(pandad, started)>
   running visiond <Process(visiond, started)>
   running calibrationd <Process(calibrationd, started)>
   running sensord <Process(sensord, started)>
   running thermald <Process(thermald, started)>
   running ui <Process(ui, started)>
   running paramsd <Process(paramsd, started)>
   running logmessaged <Process(logmessaged, started)>
   running loggerd <Process(loggerd, started)>
   running tombstoned <Process(tombstoned, started)>
   running deleter <Process(deleter, started)>
   running gpsd <Process(gpsd, started)>
   running radard <Process(radard, started)>
   running controlsd <Process(controlsd, started)>
Result: Parcel(00000000    '....')
( logMonoTime = 5296911182561,
  thermal = (
    cpu0 = 516,
    cpu1 = 509,
    cpu2 = 512,
    cpu3 = 525,
    mem = 506,
    gpu = 498,
    bat = 34200,
    freeSpace = 0.94825643,
    batteryPercent = 100,
    batteryStatus = "Charging",
    fanSpeed = 16384,
    started = true,
    usbOnline = true,
    startedTs = 5288904138762,
    thermalStatus = green,
    batteryCurrent = -114745,
    batteryVoltage = 4350713,
    chargingError = false,
    chargingDisabled = false ),
  valid = true )
   running plannerd <Process(plannerd, started)>
   running ubloxd <Process(ubloxd, started)>
   running logcatd <Process(logcatd, started)>
   running proclogd <Process(proclogd, started)>
   running pandad <Process(pandad, started)>
   running visiond <Process(visiond, started)>
   running calibrationd <Process(calibrationd, started)>
   running sensord <Process(sensord, started)>
   running thermald <Process(thermald, started)>
   running ui <Process(ui, started)>
   running paramsd <Process(paramsd, started)>
   running logmessaged <Process(logmessaged, started)>
   running loggerd <Process(loggerd, started)>
   running tombstoned <Process(tombstoned, started)>
   running deleter <Process(deleter, started)>
   running gpsd <Process(gpsd, started)>
   running radard <Process(radard, started)>
   running controlsd <Process(controlsd, started)>
( logMonoTime = 5297415050217,
  thermal = (
    cpu0 = 522,
    cpu1 = 516,
    cpu2 = 528,
    cpu3 = 535,
    mem = 509,
    gpu = 505,
    bat = 34200,
    freeSpace = 0.94825041,
    batteryPercent = 100,
    batteryStatus = "Charging",
    fanSpeed = 16384,
    started = true,
    usbOnline = true,
    startedTs = 5288904138762,
    thermalStatus = green,
    batteryCurrent = -114745,
    batteryVoltage = 4350713,
    chargingError = false,
    chargingDisabled = false ),
  valid = true )
   running plannerd <Process(plannerd, started)>
   running ubloxd <Process(ubloxd, started)>
   running logcatd <Process(logcatd, started)>
   running proclogd <Process(proclogd, started)>
   running pandad <Process(pandad, started)>
   running visiond <Process(visiond, started)>
   running calibrationd <Process(calibrationd, started)>
   running sensord <Process(sensord, started)>
   running thermald <Process(thermald, started)>
   running ui <Process(ui, started)>
   running paramsd <Process(paramsd, started)>
   running logmessaged <Process(logmessaged, started)>
   running loggerd <Process(loggerd, started)>
   running tombstoned <Process(tombstoned, started)>
   running deleter <Process(deleter, started)>
   running gpsd <Process(gpsd, started)>
   running radard <Process(radard, started)>
   running controlsd <Process(controlsd, started)>
( logMonoTime = 5297915425686,
  thermal = (
    cpu0 = 525,
    cpu1 = 522,
    cpu2 = 525,
    cpu3 = 525,
    mem = 512,
    gpu = 508,
    bat = 34200,
    freeSpace = 0.94824541,
    batteryPercent = 100,
    batteryStatus = "Charging",
    fanSpeed = 16384,
    started = true,
    usbOnline = true,
    startedTs = 5288904138762,
    thermalStatus = green,
    batteryCurrent = -114745,
    batteryVoltage = 4350713,
    chargingError = false,
    chargingDisabled = false ),
   running plannerd <Process(plannerd, started)>
   running ubloxd <Process(ubloxd, started)>
   running logcatd <Process(logcatd, started)>
   running proclogd <Process(proclogd, started)>
   running pandad <Process(pandad, started)>
   running visiond <Process(visiond, started)>
   running calibrationd <Process(calibrationd, started)>
   running sensord <Process(sensord, started)>
   running thermald <Process(thermald, started)>
   running ui <Process(ui, started)>
   running paramsd <Process(paramsd, started)>
   running logmessaged <Process(logmessaged, started)>
   running loggerd <Process(loggerd, started)>
   running tombstoned <Process(tombstoned, started)>
   running deleter <Process(deleter, started)>
   running gpsd <Process(gpsd, started)>
   running radard <Process(radard, started)>
   running controlsd <Process(controlsd, started)>
  valid = true )
( logMonoTime = 5298414350529,
  thermal = (
    cpu0 = 525,
    cpu1 = 522,
    cpu2 = 522,
    cpu3 = 528,
    mem = 512,
    gpu = 511,
    bat = 34200,
    freeSpace = 0.94824016,
    batteryPercent = 100,
    batteryStatus = "Charging",
    fanSpeed = 16384,
    started = true,
    usbOnline = true,
    startedTs = 5288904138762,
    thermalStatus = green,
    batteryCurrent = -114745,
    batteryVoltage = 4350713,
    chargingError = false,
    chargingDisabled = false ),
   running plannerd <Process(plannerd, started)>
   running ubloxd <Process(ubloxd, started)>
   running logcatd <Process(logcatd, started)>
   running proclogd <Process(proclogd, started)>
   running pandad <Process(pandad, started)>
   running visiond <Process(visiond, started)>
   running calibrationd <Process(calibrationd, started)>
   running sensord <Process(sensord, started)>
   running thermald <Process(thermald, started)>
   running ui <Process(ui, started)>
   running paramsd <Process(paramsd, started)>
   running logmessaged <Process(logmessaged, started)>
   running loggerd <Process(loggerd, started)>
   running tombstoned <Process(tombstoned, started)>
   running deleter <Process(deleter, started)>
   running gpsd <Process(gpsd, started)>
   running radard <Process(radard, started)>
   running controlsd <Process(controlsd, started)>
  valid = true )
----------------------------------------------------------------------------------------------------------------------------------------------------------------------------------------------------------------------------------------------------------------------------------------------------------------------------------------------------------------------------------------------------------------------------------------------------------------------------------------------------------------------------------------------------------------------------------------------------------------------------------------------------------------------------------------------------------------------------------------------------------------------------------------------------------------------------------------------------------------------------------------------------------------------------------------------------------------------------------------------------------------------------------------------------------------   running plannerd <Process(plannerd, started)>
   running ubloxd <Process(ubloxd, started)>
   running logcatd <Process(logcatd, started)>
   running proclogd <Process(proclogd, started)>
   running pandad <Process(pandad, started)>
   running visiond <Process(visiond, started)>
   running calibrationd <Process(calibrationd, started)>
   running sensord <Process(sensord, started)>
   running thermald <Process(thermald, started)>
   running ui <Process(ui, started)>
   running paramsd <Process(paramsd, started)>
   running logmessaged <Process(logmessaged, started)>
   running loggerd <Process(loggerd, started)>
   running tombstoned <Process(tombstoned, started)>
   running deleter <Process(deleter, started)>
   running gpsd <Process(gpsd, started)>
   running radard <Process(radard, started)>
   running controlsd <Process(controlsd, started)>
( logMonoTime = 5298913316623,
  thermal = (
    cpu0 = 525,
    cpu1 = 512,
    cpu2 = 522,
    cpu3 = 532,
    mem = 512,
    gpu = 517,
    bat = 34200,
    freeSpace = 0.9482345,
    batteryPercent = 100,
    batteryStatus = "Charging",
    fanSpeed = 16384,
    started = true,
    usbOnline = true,
    startedTs = 5288904138762,
    thermalStatus = green,
    batteryCurrent = -113219,
    batteryVoltage = 4351323,
    chargingError = false,
    chargingDisabled = false ),
  valid = true )
( logMonoTime = 5299414326883,
  thermal = (
    cpu0 = 528,
    cpu1 = 522,
    cpu2 = 525,
    cpu3 = 525,
    mem = 512,
    gpu = 517,
    bat = 34200,
    freeSpace = 0.94822913,
    batteryPercent = 100,
    batteryStatus = "Charging",
    fanSpeed = 16384,
    started = true,
    usbOnline = true,
    startedTs = 5288904138762,
    thermalStatus = green,
    batteryCurrent = -113219,
    batteryVoltage = 4351323,
    chargingError = false,
    chargingDisabled = false ),
  valid = true )
   running plannerd <Process(plannerd, started)>
   running ubloxd <Process(ubloxd, started)>
   running logcatd <Process(logcatd, started)>
   running proclogd <Process(proclogd, started)>
   running pandad <Process(pandad, started)>
   running visiond <Process(visiond, started)>
   running calibrationd <Process(calibrationd, started)>
   running sensord <Process(sensord, started)>
   running thermald <Process(thermald, started)>
   running ui <Process(ui, started)>
   running paramsd <Process(paramsd, started)>
   running logmessaged <Process(logmessaged, started)>
   running loggerd <Process(loggerd, started)>
   running tombstoned <Process(tombstoned, started)>
   running deleter <Process(deleter, started)>
   running gpsd <Process(gpsd, started)>
   running radard <Process(radard, started)>
   running controlsd <Process(controlsd, started)>
( logMonoTime = 5299914802612,
  thermal = (
    cpu0 = 535,
    cpu1 = 528,
    cpu2 = 538,
    cpu3 = 535,
    mem = 525,
    gpu = 521,
    bat = 34200,
    freeSpace = 0.9482221,
    batteryPercent = 100,
    batteryStatus = "Charging",
    fanSpeed = 16384,
    started = true,
    usbOnline = true,
    startedTs = 5288904138762,
    thermalStatus = green,
    batteryCurrent = -127867,
    batteryVoltage = 4352086,
    chargingError = false,
    chargingDisabled = false ),
  valid = true )
   running plannerd <Process(plannerd, started)>
   running ubloxd <Process(ubloxd, started)>
   running logcatd <Process(logcatd, started)>
   running proclogd <Process(proclogd, started)>
   running pandad <Process(pandad, started)>
   running visiond <Process(visiond, started)>
   running calibrationd <Process(calibrationd, started)>
   running sensord <Process(sensord, started)>
   running thermald <Process(thermald, started)>
   running ui <Process(ui, started)>
   running paramsd <Process(paramsd, started)>
   running logmessaged <Process(logmessaged, started)>
   running loggerd <Process(loggerd, started)>
   running tombstoned <Process(tombstoned, started)>
   running deleter <Process(deleter, started)>
   running gpsd <Process(gpsd, started)>
   running radard <Process(radard, started)>
   running controlsd <Process(controlsd, started)>
( logMonoTime = 5300414889904,
  thermal = (
    cpu0 = 532,
    cpu1 = 528,
    cpu2 = 532,
    cpu3 = 525,
    mem = 522,
    gpu = 514,
    bat = 34200,
    freeSpace = 0.94821453,
    batteryPercent = 100,
    batteryStatus = "Charging",
    fanSpeed = 16384,
    started = true,
    usbOnline = true,
    startedTs = 5288904138762,
    thermalStatus = green,
    batteryCurrent = -127867,
    batteryVoltage = 4352086,
    chargingError = false,
    chargingDisabled = false ),
  valid = true )
   running plannerd <Process(plannerd, started)>
   running ubloxd <Process(ubloxd, started)>
   running logcatd <Process(logcatd, started)>
   running proclogd <Process(proclogd, started)>
   running pandad <Process(pandad, started)>
   running visiond <Process(visiond, started)>
   running calibrationd <Process(calibrationd, started)>
   running sensord <Process(sensord, started)>
   running thermald <Process(thermald, started)>
   running ui <Process(ui, started)>
   running paramsd <Process(paramsd, started)>
   running logmessaged <Process(logmessaged, started)>
   running loggerd <Process(loggerd, started)>
   running tombstoned <Process(tombstoned, started)>
   running deleter <Process(deleter, started)>
   running gpsd <Process(gpsd, started)>
   running radard <Process(radard, started)>
   running controlsd <Process(controlsd, started)>
( logMonoTime = 5300915432143,
  thermal = (
    cpu0 = 532,
    cpu1 = 532,
    cpu2 = 535,
    cpu3 = 535,
    mem = 522,
    gpu = 521,
    bat = 34200,
    freeSpace = 0.94820875,
    batteryPercent = 100,
    batteryStatus = "Charging",
    fanSpeed = 16384,
    started = true,
    usbOnline = true,
    startedTs = 5288904138762,
    thermalStatus = green,
    batteryCurrent = -127867,
    batteryVoltage = 4352086,
    chargingError = false,
    chargingDisabled = false ),
  valid = true )
   running plannerd <Process(plannerd, started)>
   running ubloxd <Process(ubloxd, started)>
   running logcatd <Process(logcatd, started)>
   running proclogd <Process(proclogd, started)>
   running pandad <Process(pandad, started)>
   running visiond <Process(visiond, started)>
   running calibrationd <Process(calibrationd, started)>
   running sensord <Process(sensord, started)>
   running thermald <Process(thermald, started)>
   running ui <Process(ui, started)>
   running paramsd <Process(paramsd, started)>
   running logmessaged <Process(logmessaged, started)>
   running loggerd <Process(loggerd, started)>
   running tombstoned <Process(tombstoned, started)>
   running deleter <Process(deleter, started)>
   running gpsd <Process(gpsd, started)>
   running radard <Process(radard, started)>
   running controlsd <Process(controlsd, started)>
   running plannerd <Process(plannerd, started)>
   running ubloxd <Process(ubloxd, started)>
   running logcatd <Process(logcatd, started)>
   running proclogd <Process(proclogd, started)>
   running pandad <Process(pandad, started)>
   running visiond <Process(visiond, started)>
   running calibrationd <Process(calibrationd, started)>
   running sensord <Process(sensord, started)>
   running thermald <Process(thermald, started)>
   running ui <Process(ui, started)>
   running paramsd <Process(paramsd, started)>
   running logmessaged <Process(logmessaged, started)>
   running loggerd <Process(loggerd, started)>
   running tombstoned <Process(tombstoned, started)>
   running deleter <Process(deleter, started)>
   running gpsd <Process(gpsd, started)>
   running radard <Process(radard, started)>
   running controlsd <Process(controlsd, started)>
( logMonoTime = 5301416348028,
  thermal = (
    cpu0 = 535,
    cpu1 = 532,
    cpu2 = 532,
    cpu3 = 535,
    mem = 522,
    gpu = 521,
    bat = 34200,
    freeSpace = 0.9482038,
    batteryPercent = 100,
    batteryStatus = "Charging",
    fanSpeed = 16384,
    started = true,
    usbOnline = true,
    startedTs = 5288904138762,
    thermalStatus = green,
    batteryCurrent = -127867,
    batteryVoltage = 4352086,
    chargingError = false,
    chargingDisabled = false ),
  valid = true )
Result: Parcel(00000000    '....')
( logMonoTime = 5301916488184,
  thermal = (
    cpu0 = 528,
    cpu1 = 522,
    cpu2 = 545,
    cpu3 = 535,
    mem = 525,
    gpu = 521,
    bat = 34200,
    freeSpace = 0.94819754,
    batteryPercent = 100,
    batteryStatus = "Charging",
    fanSpeed = 16384,
    started = true,
    usbOnline = true,
    startedTs = 5288904138762,
    thermalStatus = green,
    batteryCurrent = -130309,
    batteryVoltage = 4352696,
    chargingError = false,
    chargingDisabled = false ),
  valid = true )
   running plannerd <Process(plannerd, started)>
   running ubloxd <Process(ubloxd, started)>
   running logcatd <Process(logcatd, started)>
   running proclogd <Process(proclogd, started)>
   running pandad <Process(pandad, started)>
   running visiond <Process(visiond, started)>
   running calibrationd <Process(calibrationd, started)>
   running sensord <Process(sensord, started)>
   running thermald <Process(thermald, started)>
   running ui <Process(ui, started)>
   running paramsd <Process(paramsd, started)>
   running logmessaged <Process(logmessaged, started)>
   running loggerd <Process(loggerd, started)>
   running tombstoned <Process(tombstoned, started)>
   running deleter <Process(deleter, started)>
   running gpsd <Process(gpsd, started)>
   running radard <Process(radard, started)>
   running controlsd <Process(controlsd, started)>
( logMonoTime = 5302416802663,
  thermal = (
    cpu0 = 538,
    cpu1 = 535,
    cpu2 = 535,
    cpu3 = 538,
    mem = 525,
    gpu = 530,
    bat = 34200,
    freeSpace = 0.9481917,
    batteryPercent = 100,
    batteryStatus = "Charging",
    fanSpeed = 16384,
    started = true,
    usbOnline = true,
    startedTs = 5288904138762,
    thermalStatus = green,
    batteryCurrent = -130309,
    batteryVoltage = 4352696,
    chargingError = false,
    chargingDisabled = false ),
  valid = true )
   running plannerd <Process(plannerd, started)>
   running ubloxd <Process(ubloxd, started)>
   running logcatd <Process(logcatd, started)>
   running proclogd <Process(proclogd, started)>
   running pandad <Process(pandad, started)>
   running visiond <Process(visiond, started)>
   running calibrationd <Process(calibrationd, started)>
   running sensord <Process(sensord, started)>
   running thermald <Process(thermald, started)>
   running ui <Process(ui, started)>
   running paramsd <Process(paramsd, started)>
   running logmessaged <Process(logmessaged, started)>
   running loggerd <Process(loggerd, started)>
   running tombstoned <Process(tombstoned, started)>
   running deleter <Process(deleter, started)>
   running gpsd <Process(gpsd, started)>
   running radard <Process(radard, started)>
   running controlsd <Process(controlsd, started)>
( logMonoTime = 5302917593184,
  thermal = (
    cpu0 = 538,
    cpu1 = 538,
    cpu2 = 561,
    cpu3 = 551,
    mem = 532,
    gpu = 524,
    bat = 34200,
    freeSpace = 0.94818664,
    batteryPercent = 100,
    batteryStatus = "Charging",
    fanSpeed = 16384,
    started = true,
    usbOnline = true,
    startedTs = 5288904138762,
    thermalStatus = green,
    batteryCurrent = -130309,
    batteryVoltage = 4352086,
    chargingError = false,
    chargingDisabled = false ),
  valid = true )
   running plannerd <Process(plannerd, started)>
   running ubloxd <Process(ubloxd, started)>
   running logcatd <Process(logcatd, started)>
   running proclogd <Process(proclogd, started)>
   running pandad <Process(pandad, started)>
   running visiond <Process(visiond, started)>
   running calibrationd <Process(calibrationd, started)>
   running sensord <Process(sensord, started)>
   running thermald <Process(thermald, started)>
   running ui <Process(ui, started)>
   running paramsd <Process(paramsd, started)>
   running logmessaged <Process(logmessaged, started)>
   running loggerd <Process(loggerd, started)>
   running tombstoned <Process(tombstoned, started)>
   running deleter <Process(deleter, started)>
   running gpsd <Process(gpsd, started)>
   running radard <Process(radard, started)>
   running controlsd <Process(controlsd, started)>
( logMonoTime = 5303418802871,
  thermal = (
    cpu0 = 545,
    cpu1 = 535,
    cpu2 = 558,
    cpu3 = 545,
    mem = 532,
    gpu = 534,
    bat = 34200,
    freeSpace = 0.94817764,
    batteryPercent = 100,
    batteryStatus = "Charging",
    fanSpeed = 16384,
    started = true,
    usbOnline = true,
    startedTs = 5288904138762,
    thermalStatus = green,
    batteryCurrent = -130309,
    batteryVoltage = 4352086,
    chargingError = false,
    chargingDisabled = false ),
   running plannerd <Process(plannerd, started)>
   running ubloxd <Process(ubloxd, started)>
   running logcatd <Process(logcatd, started)>
   running proclogd <Process(proclogd, started)>
   running pandad <Process(pandad, started)>
   running visiond <Process(visiond, started)>
   running calibrationd <Process(calibrationd, started)>
   running sensord <Process(sensord, started)>
   running thermald <Process(thermald, started)>
   running ui <Process(ui, started)>
   running paramsd <Process(paramsd, started)>
   running logmessaged <Process(logmessaged, started)>
   running loggerd <Process(loggerd, started)>
   running tombstoned <Process(tombstoned, started)>
   running deleter <Process(deleter, started)>
   running gpsd <Process(gpsd, started)>
   running radard <Process(radard, started)>
   running controlsd <Process(controlsd, started)>
  valid = true )
----------------------------------------------------------------------------------------------------------------------------------------------------------------------------------------------------------------------------------------------------------------------------------------------------------------------------------------------------------------------------------------------------------------------------------------------------------------------------------------------------------------------------------------------------------------------------------------------------------------------------------------------------------------------------------------------------------------------------------------------------------------------------------------------------------------------------------------------------------------------------------------------------------------------------------------------------------------------------------------------------------------------------------------------------------------( logMonoTime = 5303918601048,
  thermal = (
    cpu0 = 545,
    cpu1 = 532,
    cpu2 = 538,
    cpu3 = 541,
    mem = 532,
    gpu = 527,
    bat = 34200,
    freeSpace = 0.9481715,
    batteryPercent = 100,
    batteryStatus = "Charging",
    fanSpeed = 16384,
    started = true,
    usbOnline = true,
    startedTs = 5288904138762,
    thermalStatus = green,
    batteryCurrent = -130309,
    batteryVoltage = 4352086,
    chargingError = false,
    chargingDisabled = false ),
  valid = true )
   running plannerd <Process(plannerd, started)>
   running ubloxd <Process(ubloxd, started)>
   running logcatd <Process(logcatd, started)>
   running proclogd <Process(proclogd, started)>
   running pandad <Process(pandad, started)>
   running visiond <Process(visiond, started)>
   running calibrationd <Process(calibrationd, started)>
   running sensord <Process(sensord, started)>
   running thermald <Process(thermald, started)>
   running ui <Process(ui, started)>
   running paramsd <Process(paramsd, started)>
   running logmessaged <Process(logmessaged, started)>
   running loggerd <Process(loggerd, started)>
   running tombstoned <Process(tombstoned, started)>
   running deleter <Process(deleter, started)>
   running gpsd <Process(gpsd, started)>
   running radard <Process(radard, started)>
   running controlsd <Process(controlsd, started)>
( logMonoTime = 5304421189121,
  thermal = (
    cpu0 = 541,
    cpu1 = 538,
    cpu2 = 548,
    cpu3 = 545,
    mem = 532,
    gpu = 524,
    bat = 34200,
    freeSpace = 0.94816661,
    batteryPercent = 100,
    batteryStatus = "Charging",
    fanSpeed = 16384,
    started = true,
    usbOnline = true,
    startedTs = 5288904138762,
    thermalStatus = green,
    batteryCurrent = -130309,
    batteryVoltage = 4352086,
    chargingError = false,
    chargingDisabled = false ),
  valid = true )
   running plannerd <Process(plannerd, started)>
   running ubloxd <Process(ubloxd, started)>
   running logcatd <Process(logcatd, started)>
   running proclogd <Process(proclogd, started)>
   running pandad <Process(pandad, started)>
   running visiond <Process(visiond, started)>
   running calibrationd <Process(calibrationd, started)>
   running sensord <Process(sensord, started)>
   running thermald <Process(thermald, started)>
   running ui <Process(ui, started)>
   running paramsd <Process(paramsd, started)>
   running logmessaged <Process(logmessaged, started)>
   running loggerd <Process(loggerd, started)>
   running tombstoned <Process(tombstoned, started)>
   running deleter <Process(deleter, started)>
   running gpsd <Process(gpsd, started)>
   running radard <Process(radard, started)>
   running controlsd <Process(controlsd, started)>
( logMonoTime = 5304921602558,
  thermal = (
    cpu0 = 538,
    cpu1 = 535,
    cpu2 = 548,
    cpu3 = 541,
    mem = 532,
    gpu = 527,
    bat = 34200,
    freeSpace = 0.94816154,
    batteryPercent = 100,
    batteryStatus = "Charging",
    fanSpeed = 16384,
    started = true,
    usbOnline = true,
    startedTs = 5288904138762,
    thermalStatus = green,
    batteryCurrent = -128936,
    batteryVoltage = 4352391,
    chargingError = false,
    chargingDisabled = false ),
  valid = true )
   running plannerd <Process(plannerd, started)>
   running ubloxd <Process(ubloxd, started)>
   running logcatd <Process(logcatd, started)>
   running proclogd <Process(proclogd, started)>
   running pandad <Process(pandad, started)>
   running visiond <Process(visiond, started)>
   running calibrationd <Process(calibrationd, started)>
   running sensord <Process(sensord, started)>
   running thermald <Process(thermald, started)>
   running ui <Process(ui, started)>
   running paramsd <Process(paramsd, started)>
   running logmessaged <Process(logmessaged, started)>
   running loggerd <Process(loggerd, started)>
   running tombstoned <Process(tombstoned, started)>
   running deleter <Process(deleter, started)>
   running gpsd <Process(gpsd, started)>
   running radard <Process(radard, started)>
   running controlsd <Process(controlsd, started)>
( logMonoTime = 5305423554433,
  thermal = (
    cpu0 = 545,
    cpu1 = 545,
    cpu2 = 541,
    cpu3 = 545,
    mem = 532,
    gpu = 530,
    bat = 34200,
    freeSpace = 0.94815522,
    batteryPercent = 100,
    batteryStatus = "Charging",
    fanSpeed = 16384,
    started = true,
    usbOnline = true,
    startedTs = 5288904138762,
    thermalStatus = green,
    batteryCurrent = -128936,
    batteryVoltage = 4352391,
    chargingError = false,
    chargingDisabled = false ),
  valid = true )
   running plannerd <Process(plannerd, started)>
   running ubloxd <Process(ubloxd, started)>
   running logcatd <Process(logcatd, started)>
   running proclogd <Process(proclogd, started)>
   running pandad <Process(pandad, started)>
   running visiond <Process(visiond, started)>
   running calibrationd <Process(calibrationd, started)>
   running sensord <Process(sensord, started)>
   running thermald <Process(thermald, started)>
   running ui <Process(ui, started)>
   running paramsd <Process(paramsd, started)>
   running logmessaged <Process(logmessaged, started)>
   running loggerd <Process(loggerd, started)>
   running tombstoned <Process(tombstoned, started)>
   running deleter <Process(deleter, started)>
   running gpsd <Process(gpsd, started)>
   running radard <Process(radard, started)>
   running controlsd <Process(controlsd, started)>
( logMonoTime = 5305921497297,
  thermal = (
    cpu0 = 545,
    cpu1 = 548,
    cpu2 = 548,
    cpu3 = 551,
    mem = 532,
    gpu = 534,
    bat = 34200,
    freeSpace = 0.9481498,
    batteryPercent = 100,
    batteryStatus = "Charging",
    fanSpeed = 16384,
    started = true,
    usbOnline = true,
    startedTs = 5288904138762,
    thermalStatus = green,
    batteryCurrent = -129241,
    batteryVoltage = 4351781,
    chargingError = false,
    chargingDisabled = false ),
  valid = true )
   running plannerd <Process(plannerd, started)>
   running ubloxd <Process(ubloxd, started)>
   running logcatd <Process(logcatd, started)>
   running proclogd <Process(proclogd, started)>
   running pandad <Process(pandad, started)>
   running visiond <Process(visiond, started)>
   running calibrationd <Process(calibrationd, started)>
   running sensord <Process(sensord, started)>
   running thermald <Process(thermald, started)>
   running ui <Process(ui, started)>
   running paramsd <Process(paramsd, started)>
   running logmessaged <Process(logmessaged, started)>
   running loggerd <Process(loggerd, started)>
   running tombstoned <Process(tombstoned, started)>
   running deleter <Process(deleter, started)>
   running gpsd <Process(gpsd, started)>
   running radard <Process(radard, started)>
   running controlsd <Process(controlsd, started)>
( logMonoTime = 5306422308026,
  thermal = (
    cpu0 = 558,
    cpu1 = 548,
    cpu2 = 548,
    cpu3 = 561,
    mem = 541,
    gpu = 537,
    bat = 34200,
    freeSpace = 0.94814306,
    batteryPercent = 100,
    batteryStatus = "Charging",
    fanSpeed = 16384,
    started = true,
    usbOnline = true,
    startedTs = 5288904138762,
    thermalStatus = green,
    batteryCurrent = -129241,
    batteryVoltage = 4351781,
    chargingError = false,
    chargingDisabled = false ),
  valid = true )
   running plannerd <Process(plannerd, started)>
   running ubloxd <Process(ubloxd, started)>
   running logcatd <Process(logcatd, started)>
   running proclogd <Process(proclogd, started)>
   running pandad <Process(pandad, started)>
   running visiond <Process(visiond, started)>
   running calibrationd <Process(calibrationd, started)>
   running sensord <Process(sensord, started)>
   running thermald <Process(thermald, started)>
   running ui <Process(ui, started)>
   running paramsd <Process(paramsd, started)>
   running logmessaged <Process(logmessaged, started)>
   running loggerd <Process(loggerd, started)>
   running tombstoned <Process(tombstoned, started)>
   running deleter <Process(deleter, started)>
   running gpsd <Process(gpsd, started)>
   running radard <Process(radard, started)>
   running controlsd <Process(controlsd, started)>
Result: Parcel(00000000    '....')
( logMonoTime = 5306924383599,
  thermal = (
    cpu0 = 548,
    cpu1 = 548,
    cpu2 = 551,
    cpu3 = 551,
    mem = 538,
    gpu = 547,
    bat = 34200,
    freeSpace = 0.94813555,
    batteryPercent = 100,
    batteryStatus = "Charging",
    fanSpeed = 16384,
    started = true,
    usbOnline = true,
    startedTs = 5288904138762,
    thermalStatus = green,
    batteryCurrent = -129241,
    batteryVoltage = 4351781,
    chargingError = false,
    chargingDisabled = false ),
  valid = true )
   running plannerd <Process(plannerd, started)>
   running ubloxd <Process(ubloxd, started)>
   running logcatd <Process(logcatd, started)>
   running proclogd <Process(proclogd, started)>
   running pandad <Process(pandad, started)>
   running visiond <Process(visiond, started)>
   running calibrationd <Process(calibrationd, started)>
   running sensord <Process(sensord, started)>
   running thermald <Process(thermald, started)>
   running ui <Process(ui, started)>
   running paramsd <Process(paramsd, started)>
   running logmessaged <Process(logmessaged, started)>
   running loggerd <Process(loggerd, started)>
   running tombstoned <Process(tombstoned, started)>
   running deleter <Process(deleter, started)>
   running gpsd <Process(gpsd, started)>
   running radard <Process(radard, started)>
   running controlsd <Process(controlsd, started)>
( logMonoTime = 5307423483755,
  thermal = (
    cpu0 = 551,
    cpu1 = 548,
    cpu2 = 548,
    cpu3 = 554,
    mem = 538,
    gpu = 534,
    bat = 34500,
    freeSpace = 0.94813061,
    batteryPercent = 100,
    batteryStatus = "Charging",
    fanSpeed = 16384,
    started = true,
    usbOnline = true,
    startedTs = 5288904138762,
    thermalStatus = green,
    batteryCurrent = -129241,
    batteryVoltage = 4351781,
    chargingError = false,
    chargingDisabled = false ),
  valid = true )
   running plannerd <Process(plannerd, started)>
   running ubloxd <Process(ubloxd, started)>
   running logcatd <Process(logcatd, started)>
   running proclogd <Process(proclogd, started)>
   running pandad <Process(pandad, started)>
   running visiond <Process(visiond, started)>
   running calibrationd <Process(calibrationd, started)>
   running sensord <Process(sensord, started)>
   running thermald <Process(thermald, started)>
   running ui <Process(ui, started)>
   running paramsd <Process(paramsd, started)>
   running logmessaged <Process(logmessaged, started)>
   running loggerd <Process(loggerd, started)>
   running tombstoned <Process(tombstoned, started)>
   running deleter <Process(deleter, started)>
   running gpsd <Process(gpsd, started)>
   running radard <Process(radard, started)>
   running controlsd <Process(controlsd, started)>
( logMonoTime = 5307924364693,
  thermal = (
    cpu0 = 545,
    cpu1 = 545,
    cpu2 = 551,
    cpu3 = 548,
    mem = 538,
    gpu = 540,
    bat = 34500,
    freeSpace = 0.94812477,
    batteryPercent = 100,
    batteryStatus = "Charging",
    fanSpeed = 16384,
    started = true,
    usbOnline = true,
    startedTs = 5288904138762,
    thermalStatus = green,
    batteryCurrent = -126952,
    batteryVoltage = 4351781,
    chargingError = false,
    chargingDisabled = false ),
  valid = true )
   running plannerd <Process(plannerd, started)>
   running ubloxd <Process(ubloxd, started)>
   running logcatd <Process(logcatd, started)>
   running proclogd <Process(proclogd, started)>
   running pandad <Process(pandad, started)>
   running visiond <Process(visiond, started)>
   running calibrationd <Process(calibrationd, started)>
   running sensord <Process(sensord, started)>
   running thermald <Process(thermald, started)>
   running ui <Process(ui, started)>
   running paramsd <Process(paramsd, started)>
   running logmessaged <Process(logmessaged, started)>
   running loggerd <Process(loggerd, started)>
   running tombstoned <Process(tombstoned, started)>
   running deleter <Process(deleter, started)>
   running gpsd <Process(gpsd, started)>
   running radard <Process(radard, started)>
   running controlsd <Process(controlsd, started)>
( logMonoTime = 5308424778599,
  thermal = (
    cpu0 = 554,
    cpu1 = 541,
    cpu2 = 551,
    cpu3 = 551,
    mem = 538,
    gpu = 534,
    bat = 34500,
    freeSpace = 0.948119,
    batteryPercent = 100,
    batteryStatus = "Charging",
    fanSpeed = 16384,
    started = true,
    usbOnline = true,
    startedTs = 5288904138762,
    thermalStatus = green,
    batteryCurrent = -126952,
    batteryVoltage = 4351781,
    chargingError = false,
    chargingDisabled = false ),
  valid = true )
   running plannerd <Process(plannerd, started)>
   running ubloxd <Process(ubloxd, started)>
   running logcatd <Process(logcatd, started)>
   running proclogd <Process(proclogd, started)>
   running pandad <Process(pandad, started)>
   running visiond <Process(visiond, started)>
   running calibrationd <Process(calibrationd, started)>
   running sensord <Process(sensord, started)>
   running thermald <Process(thermald, started)>
   running ui <Process(ui, started)>
   running paramsd <Process(paramsd, started)>
   running logmessaged <Process(logmessaged, started)>
   running loggerd <Process(loggerd, started)>
   running tombstoned <Process(tombstoned, started)>
   running deleter <Process(deleter, started)>
   running gpsd <Process(gpsd, started)>
   running radard <Process(radard, started)>
   running controlsd <Process(controlsd, started)>
( logMonoTime = 5308930565734,
  thermal = (
    cpu0 = 554,
    cpu1 = 545,
    cpu2 = 558,
    cpu3 = 554,
    mem = 541,
    gpu = 534,
    bat = 34500,
    freeSpace = 0.94811404,
    batteryPercent = 100,
    batteryStatus = "Charging",
    fanSpeed = 16384,
    started = true,
    usbOnline = true,
    startedTs = 5288904138762,
    thermalStatus = green,
    batteryCurrent = -127715,
    batteryVoltage = 4351476,
    chargingError = false,
    chargingDisabled = false ),
   running plannerd <Process(plannerd, started)>
   running ubloxd <Process(ubloxd, started)>
   running logcatd <Process(logcatd, started)>
   running proclogd <Process(proclogd, started)>
   running pandad <Process(pandad, started)>
   running visiond <Process(visiond, started)>
   running calibrationd <Process(calibrationd, started)>
   running sensord <Process(sensord, started)>
   running thermald <Process(thermald, started)>
   running ui <Process(ui, started)>
   running paramsd <Process(paramsd, started)>
   running logmessaged <Process(logmessaged, started)>
   running loggerd <Process(loggerd, started)>
   running tombstoned <Process(tombstoned, started)>
   running deleter <Process(deleter, started)>
   running gpsd <Process(gpsd, started)>
   running radard <Process(radard, started)>
   running controlsd <Process(controlsd, started)>
  valid = true )
----------------------------------------------------------------------------------------------------------------------------------------------------------------------------------------------------------------------------------------------------------------------------------------------------------------------------------------------------------------------------------------------------------------------------------------------------------------------------------------------------------------------------------------------------------------------------------------------------------------------------------------------------------------------------------------------------------------------------------------------------------------------------------------------------------------------------------------------------------------------------------------------------------------------------------------------------------------------------------------------------------------------------------------------------------------( logMonoTime = 5309425583129,
  thermal = (
    cpu0 = 558,
    cpu1 = 554,
    cpu2 = 567,
    cpu3 = 554,
    mem = 545,
    gpu = 540,
    bat = 34500,
    freeSpace = 0.94810855,
    batteryPercent = 100,
    batteryStatus = "Charging",
    fanSpeed = 16384,
    started = true,
    usbOnline = true,
    startedTs = 5288904138762,
    thermalStatus = green,
    batteryCurrent = -127715,
    batteryVoltage = 4351476,
    chargingError = false,
    chargingDisabled = false ),
  valid = true )
   running plannerd <Process(plannerd, started)>
   running ubloxd <Process(ubloxd, started)>
   running logcatd <Process(logcatd, started)>
   running proclogd <Process(proclogd, started)>
   running pandad <Process(pandad, started)>
   running visiond <Process(visiond, started)>
   running calibrationd <Process(calibrationd, started)>
   running sensord <Process(sensord, started)>
   running thermald <Process(thermald, started)>
   running ui <Process(ui, started)>
   running paramsd <Process(paramsd, started)>
   running logmessaged <Process(logmessaged, started)>
   running loggerd <Process(loggerd, started)>
   running tombstoned <Process(tombstoned, started)>
   running deleter <Process(deleter, started)>
   running gpsd <Process(gpsd, started)>
   running radard <Process(radard, started)>
   running controlsd <Process(controlsd, started)>
( logMonoTime = 5309925740838,
  thermal = (
    cpu0 = 564,
    cpu1 = 554,
    cpu2 = 558,
    cpu3 = 564,
    mem = 548,
    gpu = 543,
    bat = 34500,
    freeSpace = 0.94810033,
    batteryPercent = 100,
    batteryStatus = "Charging",
    fanSpeed = 16384,
    started = false,
    usbOnline = true,
    startedTs = 0,
    thermalStatus = green,
    batteryCurrent = -127715,
    batteryVoltage = 4351476,
    chargingError = false,
    chargingDisabled = false ),
  valid = true )
killing controlsd
controlsd is dead with 1
killing plannerd
plannerd is dead with 1
killing loggerd
loggerd.cc: joining threads
loggerd.cc: encoder joined
loggerd is dead with 0
killing sensord
sensord is dead with -9
killing radard
radard is dead with 1
killing calibrationd
calibrationd is dead with 1
killing paramsd
E: 20-02-29 12:25:32 dangling 'PUB' socket created at paramsd.cc:24
E: 20-02-29 12:25:32 dangling sockets: cannot terminate ZMQ safely
( logMonoTime = 5310426474535,
  thermal = (
    cpu0 = 538,
    cpu1 = 535,
    cpu2 = 541,
    cpu3 = 545,
    mem = 541,
    gpu = 556,
    bat = 34500,
    freeSpace = 0.94809586,
    batteryPercent = 100,
    batteryStatus = "Charging",
    fanSpeed = 16384,
    started = false,
    usbOnline = true,
    startedTs = 0,
    thermalStatus = green,
    batteryCurrent = -127715,
    batteryVoltage = 4351476,
    chargingError = false,
    chargingDisabled = false ),
  valid = true )
paramsd is dead with 0
killing visiond
------------------------------------------------------------------------------------------------------------------------------------------------------------------------------------------------------------------------------------------------------------------------------------------------cameras/camera_qcom.c: poll failed (-1)
ui.c: vision disconnected
E: 20-02-29 12:25:32 dangling 'PUSH' socket created at cameras/camera_qcom.c:126
E: 20-02-29 12:25:32 dangling 'PUSH' socket created at cameras/camera_qcom.c:126
E: 20-02-29 12:25:32 dangling 'SUB' socket created at cameras/camera_qcom.c:2079
E: 20-02-29 12:25:32 dangling sockets: cannot terminate ZMQ safely
visiond is dead with 0
killing proclogd
( logMonoTime = 5310927903389,
  thermal = (
    cpu0 = 528,
    cpu1 = 522,
    cpu2 = 528,
    cpu3 = 532,
    mem = 522,
    gpu = 501,
    bat = 34500,
    freeSpace = 0.9480958,
    batteryPercent = 100,
    batteryStatus = "Charging",
    fanSpeed = 16384,
    started = false,
    usbOnline = true,
    startedTs = 0,
    thermalStatus = green,
    batteryCurrent = -119475,
    batteryVoltage = 4350713,
    chargingError = false,
    chargingDisabled = false ),
  valid = true )
proclogd is dead with -15
killing ubloxd
ubloxd_main.cc: zmq_poll error Interrupted system call in ubloxd_main
ubloxd is dead with 0
killing gpsd
Result: Parcel(00000000    '....')
( logMonoTime = 5311429543129,
  thermal = (
    cpu0 = 503,
    cpu1 = 506,
    cpu2 = 496,
    cpu3 = 503,
    mem = 503,
    gpu = 488,
    bat = 34500,
    freeSpace = 0.9480958,
    batteryPercent = 100,
    batteryStatus = "Charging",
    fanSpeed = 16384,
    started = false,
    usbOnline = true,
    startedTs = 0,
    thermalStatus = green,
    batteryCurrent = -119475,
    batteryVoltage = 4350713,
    chargingError = false,
    chargingDisabled = false ),
  valid = true )
gpsd is dead with 0
killing deleter
deleter is dead with 1
   running logcatd <Process(logcatd, started)>
   running pandad <Process(pandad, started)>
   running thermald <Process(thermald, started)>
   running ui <Process(ui, started)>
   running logmessaged <Process(logmessaged, started)>
   running tombstoned <Process(tombstoned, started)>
   running logcatd <Process(logcatd, started)>
   running pandad <Process(pandad, started)>
   running thermald <Process(thermald, started)>
   running ui <Process(ui, started)>
   running logmessaged <Process(logmessaged, started)>
   running tombstoned <Process(tombstoned, started)>
( logMonoTime = 5311931198128,
  thermal = (
    cpu0 = 499,
    cpu1 = 496,
    cpu2 = 493,
    cpu3 = 496,
    mem = 490,
    gpu = 475,
    bat = 34500,
    freeSpace = 0.9480958,
    batteryPercent = 100,
    batteryStatus = "Charging",
    fanSpeed = 16384,
    started = false,
    usbOnline = true,
    startedTs = 0,
    thermalStatus = green,
    batteryCurrent = -138091,
    batteryVoltage = 4353001,
    chargingError = false,
    chargingDisabled = false ),
  valid = true )
   running logcatd <Process(logcatd, started)>
   running pandad <Process(pandad, started)>
   running thermald <Process(thermald, started)>
   running ui <Process(ui, started)>
   running logmessaged <Process(logmessaged, started)>
   running tombstoned <Process(tombstoned, started)>
( logMonoTime = 5312432204014,
  thermal = (
    cpu0 = 490,
    cpu1 = 487,
    cpu2 = 480,
    cpu3 = 483,
    mem = 483,
    gpu = 469,
    bat = 34500,
    freeSpace = 0.9480958,
    batteryPercent = 100,
    batteryStatus = "Charging",
    fanSpeed = 16384,
    started = false,
    usbOnline = true,
    startedTs = 0,
    thermalStatus = green,
    batteryCurrent = -138091,
    batteryVoltage = 4353001,
    chargingError = false,
    chargingDisabled = false ),
  valid = true )
   running logcatd <Process(logcatd, started)>
   running pandad <Process(pandad, started)>
   running thermald <Process(thermald, started)>
   running ui <Process(ui, started)>
   running logmessaged <Process(logmessaged, started)>
   running tombstoned <Process(tombstoned, started)>
( logMonoTime = 5312932935107,
  thermal = (
    cpu0 = 480,
    cpu1 = 483,
    cpu2 = 474,
    cpu3 = 474,
    mem = 477,
    gpu = 462,
    bat = 34500,
    freeSpace = 0.9480958,
    batteryPercent = 100,
    batteryStatus = "Charging",
    fanSpeed = 16384,
    started = false,
    usbOnline = true,
    startedTs = 0,
    thermalStatus = green,
    batteryCurrent = -138091,
    batteryVoltage = 4353001,
    chargingError = false,
    chargingDisabled = false ),
  valid = true )
   running logcatd <Process(logcatd, started)>
   running pandad <Process(